<?xml version="1.0" encoding="UTF-8"?>
<!-- Generated by org.testng.reporters.JUnitXMLReporter -->
<testsuite hostname="CBT-Naveena" name="Regression" tests="1" failures="1" timestamp="14 Mar 2017 06:21:56 GMT" time="37.455" errors="0">
  <testcase name="sample" time="16.812" classname="com.abof.scripts.PaymentModuleScripts">
    <failure type="java.lang.NullPointerException">
      <![CDATA[java.lang.NullPointerException
	at com.abof.library.BaseLib.waitForElement(BaseLib.java:71)
	at com.abof.pageobjects.LoginPagePO.loginApp(LoginPagePO.java:274)
	at com.abof.scripts.PaymentModuleScripts.sample(PaymentModuleScripts.java:14)
... Removed 24 stack frames]]>
    </failure>
  </testcase> <!-- sample -->
</testsuite> <!-- Regression -->
