<?xml version="1.0" encoding="UTF-8"?>
<testng-results skipped="0" failed="1" total="1" passed="0">
  <reporter-output>
    <line>
      <![CDATA[STEP1]]>
    </line>
  </reporter-output>
  <suite name="Suite" duration-ms="37455" started-at="2017-03-14T06:21:18Z" finished-at="2017-03-14T06:21:55Z">
    <groups>
    </groups>
    <test name="Regression" duration-ms="37455" started-at="2017-03-14T06:21:18Z" finished-at="2017-03-14T06:21:55Z">
      <class name="com.abof.scripts.PaymentModuleScripts">
        <test-method status="PASS" signature="setUp()[pri:0, instance:com.abof.scripts.PaymentModuleScripts@4e7dc304]" name="setUp" is-config="true" duration-ms="18152" started-at="2017-03-14T11:51:18Z" finished-at="2017-03-14T11:51:36Z">
          <reporter-output>
          </reporter-output>
        </test-method> <!-- setUp -->
        <test-method status="FAIL" signature="sample(java.lang.String)[pri:1, instance:com.abof.scripts.PaymentModuleScripts@4e7dc304]" name="sample" duration-ms="16812" started-at="2017-03-14T11:51:36Z" description="testinmg now" finished-at="2017-03-14T11:51:53Z">
          <params>
            <param index="0">
              <value>
                <![CDATA[ASUS]]>
              </value>
            </param>
          </params>
          <exception class="java.lang.NullPointerException">
            <full-stacktrace>
              <![CDATA[java.lang.NullPointerException
	at com.abof.library.BaseLib.waitForElement(BaseLib.java:71)
	at com.abof.pageobjects.LoginPagePO.loginApp(LoginPagePO.java:274)
	at com.abof.scripts.PaymentModuleScripts.sample(PaymentModuleScripts.java:14)
	at sun.reflect.NativeMethodAccessorImpl.invoke0(Native Method)
	at sun.reflect.NativeMethodAccessorImpl.invoke(Unknown Source)
	at sun.reflect.DelegatingMethodAccessorImpl.invoke(Unknown Source)
	at java.lang.reflect.Method.invoke(Unknown Source)
	at org.testng.internal.MethodInvocationHelper.invokeMethod(MethodInvocationHelper.java:86)
	at org.testng.internal.Invoker.invokeMethod(Invoker.java:643)
	at org.testng.internal.Invoker.invokeTestMethod(Invoker.java:820)
	at org.testng.internal.Invoker.invokeTestMethods(Invoker.java:1128)
	at org.testng.internal.TestMethodWorker.invokeTestMethods(TestMethodWorker.java:129)
	at org.testng.internal.TestMethodWorker.run(TestMethodWorker.java:112)
	at org.testng.TestRunner.privateRun(TestRunner.java:782)
	at org.testng.TestRunner.run(TestRunner.java:632)
	at org.testng.SuiteRunner.runTest(SuiteRunner.java:366)
	at org.testng.SuiteRunner.runSequentially(SuiteRunner.java:361)
	at org.testng.SuiteRunner.privateRun(SuiteRunner.java:319)
	at org.testng.SuiteRunner.run(SuiteRunner.java:268)
	at org.testng.SuiteRunnerWorker.runSuite(SuiteRunnerWorker.java:52)
	at org.testng.SuiteRunnerWorker.run(SuiteRunnerWorker.java:86)
	at org.testng.TestNG.runSuitesSequentially(TestNG.java:1244)
	at org.testng.TestNG.runSuitesLocally(TestNG.java:1169)
	at org.testng.TestNG.run(TestNG.java:1064)
	at org.testng.remote.AbstractRemoteTestNG.run(AbstractRemoteTestNG.java:132)
	at org.testng.remote.RemoteTestNG.initAndRun(RemoteTestNG.java:230)
	at org.testng.remote.RemoteTestNG.main(RemoteTestNG.java:76)
]]>
            </full-stacktrace>
          </exception> <!-- java.lang.NullPointerException -->
          <reporter-output>
            <line>
              <![CDATA[STEP1]]>
            </line>
          </reporter-output>
        </test-method> <!-- sample -->
        <test-method status="PASS" signature="tearDown()[pri:0, instance:com.abof.scripts.PaymentModuleScripts@4e7dc304]" name="tearDown" is-config="true" duration-ms="1001" started-at="2017-03-14T11:51:54Z" finished-at="2017-03-14T11:51:55Z">
          <reporter-output>
          </reporter-output>
        </test-method> <!-- tearDown -->
      </class> <!-- com.abof.scripts.PaymentModuleScripts -->
    </test> <!-- Regression -->
  </suite> <!-- Suite -->
</testng-results>
